============================= test session starts =============================
platform win32 -- Python 3.13.1, pytest-9.0.2, pluggy-1.6.0 -- C:\Users\User\AppData\Local\Programs\Python\Python313\python.exe
cachedir: .pytest_cache
rootdir: C:\Users\User\OneDrive\Desktop\USARE
plugins: anyio-4.8.0
collecting ... collected 75 items

tests/test_encryption.py::TestKeyDerivation::test_key_length PASSED      [  1%]
tests/test_encryption.py::TestKeyDerivation::test_same_password_same_salt PASSED [  2%]
tests/test_encryption.py::TestKeyDerivation::test_different_salt_different_key PASSED [  4%]
tests/test_encryption.py::TestKeyDerivation::test_different_password_different_key PASSED [  5%]
tests/test_encryption.py::TestEncryptDecrypt::test_round_trip PASSED     [  6%]
tests/test_encryption.py::TestEncryptDecrypt::test_wrong_password_fails PASSED [  8%]
tests/test_encryption.py::TestEncryptDecrypt::test_tampered_data_fails PASSED [  9%]
tests/test_encryption.py::TestEncryptDecrypt::test_output_format PASSED  [ 10%]
tests/test_encryption.py::TestEncryptDecrypt::test_unique_encryption PASSED [ 12%]
tests/test_encryption.py::TestEncryptDecrypt::test_complex_data PASSED   [ 13%]
tests/test_encryption.py::TestFileSaveLoad::test_save_and_load PASSED    [ 14%]
tests/test_encryption.py::TestFileSaveLoad::test_load_wrong_password PASSED [ 16%]
tests/test_packet_engine.py::TestIPIDGenerator::test_incremental PASSED  [ 17%]
tests/test_packet_engine.py::TestIPIDGenerator::test_wraps_at_65535 PASSED [ 18%]
tests/test_packet_engine.py::TestIPIDGenerator::test_initial_offset PASSED [ 20%]
tests/test_packet_engine.py::TestTCPSeqGenerator::test_generates_32bit PASSED [ 21%]
tests/test_packet_engine.py::TestTCPSeqGenerator::test_generates_unique PASSED [ 22%]
tests/test_packet_engine.py::TestPacketEngine::test_syn_ttl PASSED       [ 24%]
tests/test_packet_engine.py::TestPacketEngine::test_syn_window PASSED    [ 25%]
tests/test_packet_engine.py::TestPacketEngine::test_syn_flags PASSED     [ 26%]
tests/test_packet_engine.py::TestPacketEngine::test_syn_df_flag PASSED   [ 28%]
tests/test_packet_engine.py::TestPacketEngine::test_syn_tcp_options PASSED [ 29%]
tests/test_packet_engine.py::TestPacketEngine::test_syn_mss_value PASSED [ 30%]
tests/test_packet_engine.py::TestPacketEngine::test_syn_wscale_value PASSED [ 32%]
tests/test_packet_engine.py::TestPacketEngine::test_syn_incremental_ip_id PASSED [ 33%]
tests/test_packet_engine.py::TestPacketEngine::test_syn_custom_src_port PASSED [ 34%]
tests/test_packet_engine.py::TestPacketEngine::test_syn_custom_src_ip PASSED [ 36%]
tests/test_packet_engine.py::TestPacketEngine::test_rst_flags PASSED     [ 37%]
tests/test_packet_engine.py::TestPacketEngine::test_fin_flags PASSED     [ 38%]
tests/test_packet_engine.py::TestPacketEngine::test_xmas_flags PASSED    [ 40%]
tests/test_packet_engine.py::TestPacketEngine::test_null_flags PASSED    [ 41%]
tests/test_packet_engine.py::TestPacketEngine::test_ack_flags PASSED     [ 42%]
tests/test_packet_engine.py::TestPacketEngine::test_packet_count PASSED  [ 44%]
tests/test_packet_engine.py::TestPacketEngine::test_fingerprint_summary PASSED [ 45%]
tests/test_packet_engine.py::TestPacketEngine::test_icmp_echo PASSED     [ 46%]
tests/test_phase9_evasion.py::test_flow_shaper_generation PASSED         [ 48%]
tests/test_phase9_evasion.py::test_kde_sampler PASSED                    [ 49%]
tests/test_phase9_evasion.py::test_https_tunnel PASSED                   [ 50%]
tests/test_phase9_evasion.py::test_dns_tunnel PASSED                     [ 52%]
tests/test_phase9_evasion.py::test_distributed_partitioning PASSED       [ 53%]
tests/test_phase9_evasion.py::test_fragmentation_ipv6_variants PASSED    [ 54%]
tests/test_phase9_evasion.py::test_baseline_poisoner PASSED              [ 56%]
tests/test_port_shuffle.py::TestShufflePorts::test_same_elements PASSED  [ 57%]
tests/test_port_shuffle.py::TestShufflePorts::test_different_order PASSED [ 58%]
tests/test_port_shuffle.py::TestShufflePorts::test_deterministic_with_seed PASSED [ 60%]
tests/test_port_shuffle.py::TestShufflePorts::test_different_seeds_different_order PASSED [ 61%]
tests/test_port_shuffle.py::TestShufflePorts::test_does_not_mutate_original PASSED [ 62%]
tests/test_port_shuffle.py::TestShufflePorts::test_empty_list PASSED     [ 64%]
tests/test_port_shuffle.py::TestShufflePorts::test_single_element PASSED [ 65%]
tests/test_port_shuffle.py::TestShufflePortsPrioritized::test_priority_ports_first PASSED [ 66%]
tests/test_port_shuffle.py::TestShufflePortsPrioritized::test_all_elements_present PASSED [ 68%]
tests/test_port_shuffle.py::TestGeneratePortRanges::test_full_range PASSED [ 69%]
tests/test_port_shuffle.py::TestGeneratePortRanges::test_common_only PASSED [ 70%]
tests/test_port_shuffle.py::TestGeneratePortRanges::test_default_range PASSED [ 72%]
tests/test_port_shuffle.py::TestChunkPorts::test_chunk_size PASSED       [ 73%]
tests/test_port_shuffle.py::TestChunkPorts::test_uneven_chunks PASSED    [ 74%]
tests/test_port_shuffle.py::TestChunkPorts::test_single_chunk PASSED     [ 76%]
tests/test_port_shuffle.py::TestChunkPorts::test_preserves_order PASSED  [ 77%]
tests/test_port_shuffle.py::TestAntiSequentialVerify::test_random_order_passes PASSED [ 78%]
tests/test_port_shuffle.py::TestAntiSequentialVerify::test_sequential_fails PASSED [ 80%]
tests/test_port_shuffle.py::TestAntiSequentialVerify::test_short_list PASSED [ 81%]
tests/test_port_shuffle.py::TestAntiSequentialVerify::test_allowed_short_runs PASSED [ 82%]
tests/test_port_shuffle.py::TestAntiSequentialVerify::test_exceeds_max_run PASSED [ 84%]
tests/test_timing.py::TestGhostTimerDefault::test_delay_within_bounds PASSED [ 85%]
tests/test_timing.py::TestGhostTimerDefault::test_distribution_mean PASSED [ 86%]
tests/test_timing.py::TestGhostTimerDefault::test_distribution_std_dev PASSED [ 88%]
tests/test_timing.py::TestGhostTimerPhantom::test_phantom_bounds PASSED  [ 89%]
tests/test_timing.py::TestGhostTimerShadow::test_shadow_minimum PASSED   [ 90%]
tests/test_timing.py::TestGhostTimerAdaptive::test_adaptive_low_heat PASSED [ 92%]
tests/test_timing.py::TestGhostTimerAdaptive::test_adaptive_high_heat PASSED [ 93%]
tests/test_timing.py::TestGhostTimerAdaptive::test_adaptive_increases_with_heat PASSED [ 94%]
tests/test_timing.py::TestBurstDetection::test_should_pause_on_burst PASSED [ 96%]
tests/test_timing.py::TestBurstDetection::test_should_not_pause_on_slow PASSED [ 97%]
tests/test_timing.py::TestBurstDetection::test_should_pause_on_zero_time PASSED [ 98%]
tests/test_timing.py::TestTimerStats::test_stats_structure PASSED        [100%]

============================= 75 passed in 32.38s =============================
